<?xml version="1.0" encoding="UTF-8"?>
<!-- Generated by org.testng.reporters.JUnitReportReporter -->
<testsuite hostname="Gerald-PC" failures="0" tests="32" name="WOG.CMS_EventsAndTrainingsTest" time="889.829" errors="0" timestamp="2020-01-17T19:21:10 SGT" skipped="0">
  <testcase classname="WOG.CMS_EventsAndTrainingsTest" name="login" time="1.285"/>
  <testcase classname="WOG.CMS_EventsAndTrainingsTest" name="CreateEvent" time="31.742"/>
  <testcase classname="WOG.CMS_EventsAndTrainingsTest" name="CreateEvent" time="12.556"/>
  <testcase classname="WOG.CMS_EventsAndTrainingsTest" name="CreateEvent" time="34.362"/>
  <testcase classname="WOG.CMS_EventsAndTrainingsTest" name="CreateEvent" time="11.461"/>
  <testcase classname="WOG.CMS_EventsAndTrainingsTest" name="CreateEvent" time="33.615"/>
  <testcase classname="WOG.CMS_EventsAndTrainingsTest" name="CreateEvent" time="33.588"/>
  <testcase classname="WOG.CMS_EventsAndTrainingsTest" name="CreateEvent" time="36.654"/>
  <testcase classname="WOG.CMS_EventsAndTrainingsTest" name="CreateEvent" time="23.206"/>
  <testcase classname="WOG.CMS_EventsAndTrainingsTest" name="CreateEvent" time="11.799"/>
  <testcase classname="WOG.CMS_EventsAndTrainingsTest" name="CreateEvent" time="26.764"/>
  <testcase classname="WOG.CMS_EventsAndTrainingsTest" name="CreateEvent" time="33.282"/>
  <testcase classname="WOG.CMS_EventsAndTrainingsTest" name="CreateEvent" time="16.150"/>
  <testcase classname="WOG.CMS_EventsAndTrainingsTest" name="CreateEvent" time="32.830"/>
  <testcase classname="WOG.CMS_EventsAndTrainingsTest" name="CreateEvent" time="32.133"/>
  <testcase classname="WOG.CMS_EventsAndTrainingsTest" name="CreateEvent" time="22.403"/>
  <testcase classname="WOG.CMS_EventsAndTrainingsTest" name="CreateEvent" time="12.007"/>
  <testcase classname="WOG.CMS_EventsAndTrainingsTest" name="CreateEvent" time="50.514"/>
  <testcase classname="WOG.CMS_EventsAndTrainingsTest" name="CreateEvent" time="13.550"/>
  <testcase classname="WOG.CMS_EventsAndTrainingsTest" name="CreateEvent" time="24.382"/>
  <testcase classname="WOG.CMS_EventsAndTrainingsTest" name="CreateEvent" time="35.324"/>
  <testcase classname="WOG.CMS_EventsAndTrainingsTest" name="CreateEvent" time="34.195"/>
  <testcase classname="WOG.CMS_EventsAndTrainingsTest" name="CreateEvent" time="21.520"/>
  <testcase classname="WOG.CMS_EventsAndTrainingsTest" name="CreateEvent" time="36.042"/>
  <testcase classname="WOG.CMS_EventsAndTrainingsTest" name="CreateEvent" time="35.316"/>
  <testcase classname="WOG.CMS_EventsAndTrainingsTest" name="CreateEvent" time="32.315"/>
  <testcase classname="WOG.CMS_EventsAndTrainingsTest" name="CreateEvent" time="31.999"/>
  <testcase classname="WOG.CMS_EventsAndTrainingsTest" name="CreateEvent" time="33.420"/>
  <testcase classname="WOG.CMS_EventsAndTrainingsTest" name="CreateEvent" time="33.764"/>
  <testcase classname="WOG.CMS_EventsAndTrainingsTest" name="CreateEvent" time="35.034"/>
  <testcase classname="WOG.CMS_EventsAndTrainingsTest" name="CreateEvent" time="35.196"/>
  <testcase classname="WOG.CMS_EventsAndTrainingsTest" name="CreateEvent" time="31.421"/>
</testsuite> <!-- WOG.CMS_EventsAndTrainingsTest -->
