<?xml version="1.0" encoding="UTF-8"?>
<!-- Generated by org.testng.reporters.JUnitReportReporter -->
<testsuite skipped="0" hostname="DESKTOP-25J45V9" name="TestData.ExcelDataProvider" tests="2" failures="0" timestamp="11 Jan 2020 15:53:38 GMT" time="0.013" errors="0">
  <testcase name="test_1" time="0.002" classname="TestData.ExcelDataProvider"/>
  <testcase name="test_1" time="0.011" classname="TestData.ExcelDataProvider"/>
</testsuite> <!-- TestData.ExcelDataProvider -->
