<?xml version="1.0" encoding="UTF-8"?>
<!-- Generated by org.testng.reporters.JUnitReportReporter -->
<testsuite hostname="Gerald-PC" failures="0" tests="33" name="WOG.CMS_EventsAndTrainingsTest" time="373.714" errors="0" timestamp="2020-01-20T18:40:41 SGT" skipped="0">
  <testcase classname="WOG.CMS_EventsAndTrainingsTest" name="login" time="1.151"/>
  <testcase classname="WOG.CMS_EventsAndTrainingsTest" name="CreateEvent" time="11.627"/>
  <testcase classname="WOG.CMS_EventsAndTrainingsTest" name="CreateEvent" time="11.383"/>
  <testcase classname="WOG.CMS_EventsAndTrainingsTest" name="CreateEvent" time="11.811"/>
  <testcase classname="WOG.CMS_EventsAndTrainingsTest" name="CreateEvent" time="11.516"/>
  <testcase classname="WOG.CMS_EventsAndTrainingsTest" name="CreateEvent" time="11.368"/>
  <testcase classname="WOG.CMS_EventsAndTrainingsTest" name="CreateEvent" time="11.145"/>
  <testcase classname="WOG.CMS_EventsAndTrainingsTest" name="CreateEvent" time="11.063"/>
  <testcase classname="WOG.CMS_EventsAndTrainingsTest" name="CreateEvent" time="11.699"/>
  <testcase classname="WOG.CMS_EventsAndTrainingsTest" name="CreateEvent" time="11.406"/>
  <testcase classname="WOG.CMS_EventsAndTrainingsTest" name="CreateEvent" time="11.761"/>
  <testcase classname="WOG.CMS_EventsAndTrainingsTest" name="CreateEvent" time="11.632"/>
  <testcase classname="WOG.CMS_EventsAndTrainingsTest" name="CreateEvent" time="12.817"/>
  <testcase classname="WOG.CMS_EventsAndTrainingsTest" name="CreateEvent" time="11.467"/>
  <testcase classname="WOG.CMS_EventsAndTrainingsTest" name="CreateEvent" time="11.534"/>
  <testcase classname="WOG.CMS_EventsAndTrainingsTest" name="CreateEvent" time="11.264"/>
  <testcase classname="WOG.CMS_EventsAndTrainingsTest" name="CreateEvent" time="12.639"/>
  <testcase classname="WOG.CMS_EventsAndTrainingsTest" name="CreateEvent" time="11.396"/>
  <testcase classname="WOG.CMS_EventsAndTrainingsTest" name="CreateEvent" time="11.343"/>
  <testcase classname="WOG.CMS_EventsAndTrainingsTest" name="CreateEvent" time="12.354"/>
  <testcase classname="WOG.CMS_EventsAndTrainingsTest" name="CreateEvent" time="11.032"/>
  <testcase classname="WOG.CMS_EventsAndTrainingsTest" name="CreateEvent" time="12.281"/>
  <testcase classname="WOG.CMS_EventsAndTrainingsTest" name="CreateEvent" time="12.000"/>
  <testcase classname="WOG.CMS_EventsAndTrainingsTest" name="CreateEvent" time="11.997"/>
  <testcase classname="WOG.CMS_EventsAndTrainingsTest" name="CreateEvent" time="12.399"/>
  <testcase classname="WOG.CMS_EventsAndTrainingsTest" name="CreateEvent" time="10.901"/>
  <testcase classname="WOG.CMS_EventsAndTrainingsTest" name="CreateEvent" time="12.166"/>
  <testcase classname="WOG.CMS_EventsAndTrainingsTest" name="CreateEvent" time="12.101"/>
  <testcase classname="WOG.CMS_EventsAndTrainingsTest" name="CreateEvent" time="10.459"/>
  <testcase classname="WOG.CMS_EventsAndTrainingsTest" name="CreateEvent" time="11.611"/>
  <testcase classname="WOG.CMS_EventsAndTrainingsTest" name="CreateEvent" time="11.159"/>
  <testcase classname="WOG.CMS_EventsAndTrainingsTest" name="CreateEvent" time="11.614"/>
  <testcase classname="WOG.CMS_EventsAndTrainingsTest" name="CreateEvent" time="11.618"/>
</testsuite> <!-- WOG.CMS_EventsAndTrainingsTest -->
