<?xml version="1.0" encoding="UTF-8"?>
<!-- Generated by org.testng.reporters.JUnitReportReporter -->
<testsuite skipped="0" hostname="Gerald-PC" name="WOG.CMS_LoginTest" tests="1" failures="0" timestamp="10 Jan 2020 02:42:10 GMT" time="2.018" errors="0">
  <testcase name="loginToCMS" time="2.018" classname="WOG.CMS_LoginTest"/>
</testsuite> <!-- WOG.CMS_LoginTest -->
