<?xml version="1.0" encoding="UTF-8"?>
<!-- Generated by org.testng.reporters.JUnitReportReporter -->
<testsuite skipped="0" hostname="DESKTOP-25J45V9" name="WOG.CMS_LoginTest" tests="3" failures="0" timestamp="12 Jan 2020 15:10:00 GMT" time="10.728" errors="0">
  <testcase name="loginToCMS" time="3.654" classname="WOG.CMS_LoginTest"/>
  <testcase name="loginToCMS" time="3.528" classname="WOG.CMS_LoginTest"/>
  <testcase name="loginToCMS" time="3.546" classname="WOG.CMS_LoginTest"/>
</testsuite> <!-- WOG.CMS_LoginTest -->
